<?xml version="1.0" encoding="UTF-8"?>
<!-- Generated by org.testng.reporters.JUnitXMLReporter -->
<testsuite hostname="DESKTOP-S8UUUM9" ignored="1" name="Test" tests="1" failures="0" timestamp="2020-05-10T00:17:54 EDT" time="30.284" errors="0">
  <testcase name="getCountrys" time="15.331" classname="test.tracking_TrackandHistoryTest"/>
  <testcase name="getFreight01" time="0.0" classname="test.tracking_TrackandHistoryTest">
    <ignored/>
  </testcase> <!-- getFreight01 -->
</testsuite> <!-- Test -->
