<?xml version="1.0" encoding="UTF-8"?>
<!-- Generated by org.testng.reporters.JUnitXMLReporter -->
<testsuite hostname="DESKTOP-S8UUUM9" ignored="7" name="Regration" tests="2" failures="2" timestamp="2020-05-08T19:41:22 EDT" time="1.161" errors="0">
  <testcase name="loginTest" time="1.033" classname="test.loginPageTest">
    <failure type="java.lang.NullPointerException">
      <![CDATA[java.lang.NullPointerException
at model.loginPageModel.loginButton(loginPageModel.java:22)
at Action.loginPageAction.getLogin(loginPageAction.java:19)
at test.loginPageTest.loginTest(loginPageTest.java:13)
at java.util.ArrayList.forEach(Unknown Source)
... Removed 27 stack frames]]>
    </failure>
  </testcase> <!-- loginTest -->
  <testcase name="allLinksTest" time="0.014" classname="test.tracking_ChangeDeliveryTest">
    <failure type="java.lang.NullPointerException">
      <![CDATA[java.lang.NullPointerException
at model.ChangeDeliveryModel.Tracking(ChangeDeliveryModel.java:29)
at Action.ChangeDeliveryAction.actionEmailLink(ChangeDeliveryAction.java:23)
at test.tracking_ChangeDeliveryTest.allLinksTest(tracking_ChangeDeliveryTest.java:16)
at java.util.ArrayList.forEach(Unknown Source)
... Removed 27 stack frames]]>
    </failure>
  </testcase> <!-- allLinksTest -->
  <testcase name="getFreight01" time="0.0" classname="test.tracking_TrackandHistoryTest">
    <ignored/>
  </testcase> <!-- getFreight01 -->
  <testcase name="AssertClaimsDbordpage" time="0.0" classname="test.tracking_ChangeDeliveryTest">
    <ignored/>
  </testcase> <!-- AssertClaimsDbordpage -->
  <testcase name="assertCallUsPage" time="0.0" classname="test.tracking_ChangeDeliveryTest">
    <ignored/>
  </testcase> <!-- assertCallUsPage -->
  <testcase name="assertEmailLinkPage" time="0.0" classname="test.tracking_ChangeDeliveryTest">
    <ignored/>
  </testcase> <!-- assertEmailLinkPage -->
  <testcase name="getCountrys" time="0.0" classname="test.tracking_TrackandHistoryTest">
    <ignored/>
  </testcase> <!-- getCountrys -->
  <testcase name="trackingTest" time="0.0" classname="test.tracking_TrackandHistoryTest">
    <ignored/>
  </testcase> <!-- trackingTest -->
  <testcase name="assertSelectAllCntpage" time="0.0" classname="test.tracking_ChangeDeliveryTest">
    <ignored/>
  </testcase> <!-- assertSelectAllCntpage -->
</testsuite> <!-- Regration -->
