<?xml version="1.0" encoding="UTF-8"?>
<!-- Generated by org.testng.reporters.JUnitXMLReporter -->
<testsuite hostname="DESKTOP-S8UUUM9" ignored="0" name="test1" tests="9" failures="0" timestamp="2020-05-08T00:27:59 EDT" time="90.268" errors="0">
  <testcase name="loginTest" time="16.585" classname="test.loginPageTest"/>
  <testcase name="trackingTest" time="19.494" classname="test.tracking_TrackandHistoryTest"/>
  <testcase name="allLinksTest" time="17.734" classname="test.tracking_ChangeDeliveryTest"/>
  <testcase name="getCountrys" time="8.034" classname="test.tracking_TrackandHistoryTest"/>
  <testcase name="getFreight01" time="2.808" classname="test.tracking_TrackandHistoryTest"/>
  <testcase name="assertEmailLinkPage" time="12.055" classname="test.tracking_ChangeDeliveryTest"/>
  <testcase name="assertCallUsPage" time="8.897" classname="test.tracking_ChangeDeliveryTest"/>
  <testcase name="assertSelectAllCntpage" time="7.195" classname="test.tracking_ChangeDeliveryTest"/>
  <testcase name="AssertClaimsDbordpage" time="16.549" classname="test.tracking_ChangeDeliveryTest"/>
</testsuite> <!-- test1 -->
