<?xml version="1.0" encoding="UTF-8"?>
<!-- Generated by org.testng.reporters.JUnitXMLReporter -->
<testsuite hostname="DESKTOP-S8UUUM9" ignored="0" name="XMLtest" tests="3" failures="0" timestamp="26 Apr 2020 08:33:53 GMT" time="15.16" errors="0">
  <testcase name="loginpage" time="9.864" classname="XMLtest.xmlPractice"/>
  <testcase name="login" time="3.347" classname="XMLtest.xmlPractice"/>
  <testcase name="homepage" time="1.913" classname="XMLtest.xmlPractice"/>
</testsuite> <!-- XMLtest -->
