<?xml version="1.0" encoding="UTF-8"?>
<testng-results skipped="0" failed="0" ignored="0" total="1" passed="1">
  <reporter-output>
  </reporter-output>
  <suite name="Suite" duration-ms="30050" started-at="2020-05-17T17:26:55 EDT" finished-at="2020-05-17T17:27:25 EDT">
    <groups>
    </groups>
    <test name="Test" duration-ms="30050" started-at="2020-05-17T17:26:55 EDT" finished-at="2020-05-17T17:27:25 EDT">
      <class name="test.loginPageTest">
        <test-method status="PASS" signature="beforeMethod(java.lang.String)[pri:0, instance:test.loginPageTest@1e6d1014]" name="beforeMethod" is-config="true" duration-ms="18208" started-at="2020-05-17T17:26:55 EDT" finished-at="2020-05-17T17:27:13 EDT">
          <params>
            <param index="0">
              <value>
                <![CDATA[Chrome]]>
              </value>
            </param>
          </params>
          <reporter-output>
          </reporter-output>
        </test-method> <!-- beforeMethod -->
        <test-method status="PASS" signature="loginTest()[pri:0, instance:test.loginPageTest@1e6d1014]" name="loginTest" duration-ms="10498" started-at="2020-05-17T17:27:13 EDT" finished-at="2020-05-17T17:27:24 EDT">
          <reporter-output>
          </reporter-output>
        </test-method> <!-- loginTest -->
        <test-method status="PASS" signature="afterMethod()[pri:0, instance:test.loginPageTest@1e6d1014]" name="afterMethod" is-config="true" duration-ms="1257" started-at="2020-05-17T17:27:24 EDT" finished-at="2020-05-17T17:27:25 EDT">
          <reporter-output>
          </reporter-output>
        </test-method> <!-- afterMethod -->
      </class> <!-- test.loginPageTest -->
    </test> <!-- Test -->
  </suite> <!-- Suite -->
</testng-results>
