<?xml version="1.0" encoding="UTF-8"?>
<!-- Generated by org.testng.reporters.JUnitReportReporter -->
<testsuite skipped="0" hostname="DESKTOP-S8UUUM9" name="XMLtest.xmlPractice" tests="4" failures="0" timestamp="05 May 2020 08:53:34 GMT" time="22.699" errors="0">
  <testcase name="loginpage" time="10.590" classname="XMLtest.xmlPractice"/>
  <testcase name="login" time="3.295" classname="XMLtest.xmlPractice"/>
  <testcase name="homepage" time="2.182" classname="XMLtest.xmlPractice"/>
  <testcase name="productlist" time="6.632" classname="XMLtest.xmlPractice"/>
</testsuite> <!-- XMLtest.xmlPractice -->
