<?xml version="1.0" encoding="UTF-8"?>
<!-- Generated by org.testng.reporters.JUnitReportReporter -->
<testsuite skipped="0" hostname="DESKTOP-S8UUUM9" name="test.trackingPageTest" tests="5" failures="0" timestamp="05 May 2020 06:56:18 GMT" time="21.500" errors="0">
  <testcase name="getReferenceNo" time="1.767" classname="test.trackingPageTest"/>
  <testcase name="getFreight01" time="5.607" classname="test.trackingPageTest"/>
  <testcase name="trackingTest" time="0.389" classname="test.trackingPageTest"/>
  <testcase name="gettrackingAction" time="4.305" classname="test.trackingPageTest"/>
  <testcase name="getCountrys" time="9.432" classname="test.trackingPageTest"/>
</testsuite> <!-- test.trackingPageTest -->
